<?xml version="1.0" encoding="UTF-8"?>
<testsuite xmlns:xsi="http://www.w3.org/2001/XMLSchema-instance" xsi:noNamespaceSchemaLocation="https://maven.apache.org/surefire/maven-surefire-plugin/xsd/surefire-test-report-3.0.xsd" version="3.0" name="com.pokework.PokeWorkApplicationTests" time="12.071" tests="4" errors="0" skipped="0" failures="1">
  <properties>
[...]
</properties>
  <testcase name="testQuestManagement" classname="com.pokework.PokeWorkApplicationTests" time="1.756">
    <failure message="Status expected:&lt;200&gt; but was:&lt;400&gt;" type="java.lang.AssertionError"><![CDATA[java.lang.AssertionError: Status expected:<200> but was:<400>
	at org.springframework.test.util.AssertionErrors.fail(AssertionErrors.java:59)
	at org.springframework.test.util.AssertionErrors.assertEquals(AssertionErrors.java:122)
	at org.springframework.test.web.servlet.result.StatusResultMatchers.lambda$matcher$9(StatusResultMatchers.java:637)
	at org.springframework.test.web.servlet.MockMvc$1.andExpect(MockMvc.java:214)
	at com.pokework.PokeWorkApplicationTests.testQuestManagement(PokeWorkApplicationTests.java:146)
	at java.base/java.lang.reflect.Method.invoke(Method.java:565)
	at java.base/java.util.ArrayList.forEach(ArrayList.java:1604)
	at java.base/java.util.ArrayList.forEach(ArrayList.java:1604)
]]></failure>
    <system-out><![CDATA[15:16:12.192 [main] INFO org.springframework.test.context.support.AnnotationConfigContextLoaderUtils -- Could not detect default configuration classes for test class [com.pokework.PokeWorkApplicationTests]: PokeWorkApplicationTests does not declare any static, non-private, non-final, nested classes annotated with @Configuration.
15:16:12.679 [main] INFO org.springframework.boot.test.context.SpringBootTestContextBootstrapper -- Found @SpringBootConfiguration com.pokework.PokeWorkApplication for test class com.pokework.PokeWorkApplicationTests

  .   ____          _            __ _ _
 /\\ / ___'_ __ _ _(_)_ __  __ _ \ \ \ \
( ( )\___ | '_ | '_| | '_ \/ _` | \ \ \ \
 \\/  ___)| |_)| | | | | || (_| |  ) ) ) )
  '  |____| .__|_| |_|_| |_\__, | / / / /
 =========|_|==============|___/=/_/_/_/
 :: Spring Boot ::                (v3.2.3)

2026-01-06T15:16:13.290+03:00  INFO 31944 --- [           main] com.pokework.PokeWorkApplicationTests    : Starting PokeWorkApplicationTests using Java 25.0.1 with PID 31944 (started by iremkarahan in /Users/iremkarahan/Desktop/Poke-Work)
2026-01-06T15:16:13.293+03:00  INFO 31944 --- [           main] com.pokework.PokeWorkApplicationTests    : No active profile set, falling back to 1 default profile: "default"
2026-01-06T15:16:14.586+03:00  INFO 31944 --- [           main] .s.d.r.c.RepositoryConfigurationDelegate : Bootstrapping Spring Data JPA repositories in DEFAULT mode.
2026-01-06T15:16:14.658+03:00  INFO 31944 --- [           main] .s.d.r.c.RepositoryConfigurationDelegate : Finished Spring Data repository scanning in 62 ms. Found 4 JPA repository interfaces.
2026-01-06T15:16:15.413+03:00  INFO 31944 --- [           main] o.hibernate.jpa.internal.util.LogHelper  : HHH000204: Processing PersistenceUnitInfo [name: default]
2026-01-06T15:16:15.487+03:00  INFO 31944 --- [           main] org.hibernate.Version                    : HHH000412: Hibernate ORM core version 6.4.4.Final
2026-01-06T15:16:15.543+03:00  INFO 31944 --- [           main] o.h.c.internal.RegionFactoryInitiator    : HHH000026: Second-level cache disabled
2026-01-06T15:16:16.031+03:00  INFO 31944 --- [           main] o.s.o.j.p.SpringPersistenceUnitInfo      : No LoadTimeWeaver setup: ignoring JPA class transformer
2026-01-06T15:16:16.060+03:00  INFO 31944 --- [           main] com.zaxxer.hikari.HikariDataSource       : HikariPool-1 - Starting...
2026-01-06T15:16:16.645+03:00  INFO 31944 --- [           main] com.zaxxer.hikari.pool.HikariPool        : HikariPool-1 - Added connection org.sqlite.jdbc4.JDBC4Connection@2fdf22f7
2026-01-06T15:16:16.646+03:00  INFO 31944 --- [           main] com.zaxxer.hikari.HikariDataSource       : HikariPool-1 - Start completed.
2026-01-06T15:16:18.700+03:00  INFO 31944 --- [           main] o.h.e.t.j.p.i.JtaPlatformInitiator       : HHH000489: No JTA platform available (set 'hibernate.transaction.jta.platform' to enable JTA platform integration)
2026-01-06T15:16:18.745+03:00  INFO 31944 --- [           main] j.LocalContainerEntityManagerFactoryBean : Initialized JPA EntityManagerFactory for persistence unit 'default'
2026-01-06T15:16:19.328+03:00  WARN 31944 --- [           main] JpaBaseConfiguration$JpaWebConfiguration : spring.jpa.open-in-view is enabled by default. Therefore, database queries may be performed during view rendering. Explicitly configure spring.jpa.open-in-view to disable this warning
2026-01-06T15:16:19.791+03:00  INFO 31944 --- [           main] o.s.s.web.DefaultSecurityFilterChain     : Will secure any request with [org.springframework.security.web.session.DisableEncodeUrlFilter@6cb759d5, org.springframework.security.web.context.request.async.WebAsyncManagerIntegrationFilter@2ba9765b, org.springframework.security.web.context.SecurityContextHolderFilter@3dabdd11, org.springframework.security.web.header.HeaderWriterFilter@1f5f4d48, org.springframework.web.filter.CorsFilter@5f233f9, org.springframework.security.web.authentication.logout.LogoutFilter@65fa56f7, org.springframework.security.web.authentication.www.BasicAuthenticationFilter@744673f3, org.springframework.security.web.savedrequest.RequestCacheAwareFilter@6530a1de, org.springframework.security.web.servletapi.SecurityContextHolderAwareRequestFilter@20b921be, org.springframework.security.web.authentication.AnonymousAuthenticationFilter@3c62c81f, org.springframework.security.web.access.ExceptionTranslationFilter@2b5ca574, org.springframework.security.web.access.intercept.AuthorizationFilter@5837cb9e]
2026-01-06T15:16:20.390+03:00  INFO 31944 --- [           main] o.s.b.t.m.w.SpringBootMockServletContext : Initializing Spring TestDispatcherServlet ''
2026-01-06T15:16:20.390+03:00  INFO 31944 --- [           main] o.s.t.web.servlet.TestDispatcherServlet  : Initializing Servlet ''
2026-01-06T15:16:20.392+03:00  INFO 31944 --- [           main] o.s.t.web.servlet.TestDispatcherServlet  : Completed initialization in 1 ms
2026-01-06T15:16:20.421+03:00  INFO 31944 --- [           main] com.pokework.PokeWorkApplicationTests    : Started PokeWorkApplicationTests in 7.457 seconds (process running for 9.835)
Hibernate: select count(*) from users u1_0
Hibernate: select q1_0.id,q1_0.completed,q1_0.difficulty,q1_0.earned_xp,q1_0.title,q1_0.user_id from quests q1_0
Hibernate: delete from quests where id=?
Hibernate: select ws1_0.id,ws1_0.hours,ws1_0.user_id,ws1_0.work_date from work_sessions ws1_0
Hibernate: select p1_0.id,p1_0.current_xp,p1_0.evolution_stage,p1_0.level,p1_0.name,p1_0.total_xp,p1_0.user_id from pokemon p1_0
Hibernate: select u1_0.id,u1_0.password,p1_0.id,p1_0.current_xp,p1_0.evolution_stage,p1_0.level,p1_0.name,p1_0.total_xp,u1_0.profile_picture_url,u1_0.role,u1_0.status,u1_0.username from users u1_0 left join pokemon p1_0 on u1_0.id=p1_0.user_id where u1_0.id=?
Hibernate: select u1_0.id,u1_0.password,u1_0.profile_picture_url,u1_0.role,u1_0.status,u1_0.username from users u1_0
Hibernate: select p1_0.id,p1_0.current_xp,p1_0.evolution_stage,p1_0.level,p1_0.name,p1_0.total_xp,u1_0.id,u1_0.password,u1_0.profile_picture_url,u1_0.role,u1_0.status,u1_0.username from pokemon p1_0 left join users u1_0 on u1_0.id=p1_0.user_id where p1_0.user_id=?
Hibernate: select ws1_0.user_id,ws1_0.id,ws1_0.hours,ws1_0.work_date from work_sessions ws1_0 where ws1_0.user_id=?
Hibernate: delete from pokemon where id=?
Hibernate: delete from users where id=?
Hibernate: select u1_0.id,u1_0.password,u1_0.profile_picture_url,u1_0.role,u1_0.status,u1_0.username from users u1_0 where u1_0.username=?
Hibernate: select count(*) from users u1_0
Hibernate: insert into users (password,profile_picture_url,role,status,username) values (?,?,?,?,?)
Hibernate: select last_insert_rowid()
Hibernate: insert into pokemon (current_xp,evolution_stage,level,name,total_xp,user_id) values (?,?,?,?,?,?)
Hibernate: select last_insert_rowid()
Hibernate: select u1_0.id,u1_0.password,u1_0.profile_picture_url,u1_0.role,u1_0.status,u1_0.username from users u1_0 where u1_0.username=?
Hibernate: select p1_0.id,p1_0.current_xp,p1_0.evolution_stage,p1_0.level,p1_0.name,p1_0.total_xp,u1_0.id,u1_0.password,u1_0.profile_picture_url,u1_0.role,u1_0.status,u1_0.username from pokemon p1_0 left join users u1_0 on u1_0.id=p1_0.user_id where p1_0.user_id=?

MockHttpServletRequest:
      HTTP Method = POST
      Request URI = /api/auth/register
       Parameters = {}
          Headers = [Content-Type:"application/json;charset=UTF-8", Content-Length:"63"]
             Body = {"password":"Password123!","username":"testuser","role":"USER"}
    Session Attrs = {SPRING_SECURITY_CONTEXT=SecurityContextImpl [Authentication=UsernamePasswordAuthenticationToken [Principal=org.springframework.security.core.userdetails.User [Username=testuser, Password=[PROTECTED], Enabled=true, AccountNonExpired=true, CredentialsNonExpired=true, AccountNonLocked=true, Granted Authorities=[ROLE_USER]], Credentials=[PROTECTED], Authenticated=true, Details=null, Granted Authorities=[ROLE_USER]]]}

Handler:
             Type = com.pokework.controller.AuthController
           Method = com.pokework.controller.AuthController#register(RegisterRequest)

Async:
    Async started = false
     Async result = null

Resolved Exception:
             Type = null

ModelAndView:
        View name = null
             View = null
            Model = null

FlashMap:
       Attributes = null

MockHttpServletResponse:
           Status = 200
    Error message = null
          Headers = [Vary:"Origin", "Access-Control-Request-Method", "Access-Control-Request-Headers", Content-Type:"application/json", X-Content-Type-Options:"nosniff", X-XSS-Protection:"0", Cache-Control:"no-cache, no-store, max-age=0, must-revalidate", Pragma:"no-cache", Expires:"0", X-Frame-Options:"DENY"]
     Content type = application/json
             Body = {"id":1,"username":"testuser","password":"$2a$10$35rIcWZJbfp6DSCKUy2i6eofSvMfq00AEoTBTkftXCeUxQPuvR6g2","role":"ADMIN","status":"Ready to Work","profilePictureUrl":null}
    Forwarded URL = null
   Redirected URL = null
          Cookies = []

MockHttpServletRequest:
      HTTP Method = POST
      Request URI = /api/quests
       Parameters = {}
          Headers = [Content-Type:"application/json;charset=UTF-8", Content-Length:"71"]
             Body = {"description":"Adventure awaits","title":"Kill 10 Rats","xpReward":50}
    Session Attrs = {SPRING_SECURITY_CONTEXT=SecurityContextImpl [Authentication=UsernamePasswordAuthenticationToken [Principal=org.springframework.security.core.userdetails.User [Username=testuser, Password=[PROTECTED], Enabled=true, AccountNonExpired=true, CredentialsNonExpired=true, AccountNonLocked=true, Granted Authorities=[ROLE_USER]], Credentials=[PROTECTED], Authenticated=true, Details=null, Granted Authorities=[ROLE_USER]]]}

Handler:
             Type = com.pokework.controller.QuestController
           Method = com.pokework.controller.QuestController#createQuest(Quest)

Async:
    Async started = false
     Async result = null

Resolved Exception:
             Type = org.springframework.dao.DataIntegrityViolationException

ModelAndView:
        View name = null
             View = null
            Model = null

FlashMap:
       Attributes = null

MockHttpServletResponse:
           Status = 400
    Error message = null
          Headers = [Vary:"Origin", "Access-Control-Request-Method", "Access-Control-Request-Headers", Content-Type:"application/json", X-Content-Type-Options:"nosniff", X-XSS-Protection:"0", Cache-Control:"no-cache, no-store, max-age=0, must-revalidate", Pragma:"no-cache", Expires:"0", X-Frame-Options:"DENY"]
     Content type = application/json
             Body = {"error":"not-null property references a null or transient value : com.pokework.model.Quest.difficulty"}
    Forwarded URL = null
   Redirected URL = null
          Cookies = []
]]></system-out>
    <system-err><![CDATA[WARNING: A Java agent has been loaded dynamically (/Users/iremkarahan/.m2/repository/net/bytebuddy/byte-buddy-agent/1.14.12/byte-buddy-agent-1.14.12.jar)
WARNING: If a serviceability tool is in use, please run with -XX:+EnableDynamicAgentLoading to hide this warning
WARNING: If a serviceability tool is not in use, please run with -Djdk.instrument.traceUsage for more information
WARNING: Dynamic loading of agents will be disallowed by default in a future release
]]></system-err>
  </testcase>
  <testcase name="testRegistrationAndLogin" classname="com.pokework.PokeWorkApplicationTests" time="0.717">
    <system-out><![CDATA[Hibernate: select q1_0.id,q1_0.completed,q1_0.difficulty,q1_0.earned_xp,q1_0.title,q1_0.user_id from quests q1_0
Hibernate: select ws1_0.id,ws1_0.hours,ws1_0.user_id,ws1_0.work_date from work_sessions ws1_0
Hibernate: select p1_0.id,p1_0.current_xp,p1_0.evolution_stage,p1_0.level,p1_0.name,p1_0.total_xp,p1_0.user_id from pokemon p1_0
Hibernate: select u1_0.id,u1_0.password,p1_0.id,p1_0.current_xp,p1_0.evolution_stage,p1_0.level,p1_0.name,p1_0.total_xp,u1_0.profile_picture_url,u1_0.role,u1_0.status,u1_0.username from users u1_0 left join pokemon p1_0 on u1_0.id=p1_0.user_id where u1_0.id=?
Hibernate: select u1_0.id,u1_0.password,u1_0.profile_picture_url,u1_0.role,u1_0.status,u1_0.username from users u1_0
Hibernate: select p1_0.id,p1_0.current_xp,p1_0.evolution_stage,p1_0.level,p1_0.name,p1_0.total_xp,u1_0.id,u1_0.password,u1_0.profile_picture_url,u1_0.role,u1_0.status,u1_0.username from pokemon p1_0 left join users u1_0 on u1_0.id=p1_0.user_id where p1_0.user_id=?
Hibernate: select ws1_0.user_id,ws1_0.id,ws1_0.hours,ws1_0.work_date from work_sessions ws1_0 where ws1_0.user_id=?
Hibernate: delete from pokemon where id=?
Hibernate: delete from users where id=?
Hibernate: select u1_0.id,u1_0.password,u1_0.profile_picture_url,u1_0.role,u1_0.status,u1_0.username from users u1_0 where u1_0.username=?
Hibernate: select count(*) from users u1_0
Hibernate: insert into users (password,profile_picture_url,role,status,username) values (?,?,?,?,?)
Hibernate: select last_insert_rowid()
Hibernate: insert into pokemon (current_xp,evolution_stage,level,name,total_xp,user_id) values (?,?,?,?,?,?)
Hibernate: select last_insert_rowid()
Hibernate: select u1_0.id,u1_0.password,u1_0.profile_picture_url,u1_0.role,u1_0.status,u1_0.username from users u1_0 where u1_0.username=?
Hibernate: select u1_0.id,u1_0.password,u1_0.profile_picture_url,u1_0.role,u1_0.status,u1_0.username from users u1_0 where u1_0.username=?
Hibernate: select p1_0.id,p1_0.current_xp,p1_0.evolution_stage,p1_0.level,p1_0.name,p1_0.total_xp,u1_0.id,u1_0.password,u1_0.profile_picture_url,u1_0.role,u1_0.status,u1_0.username from pokemon p1_0 left join users u1_0 on u1_0.id=p1_0.user_id where p1_0.user_id=?
]]></system-out>
  </testcase>
  <testcase name="contextLoads" classname="com.pokework.PokeWorkApplicationTests" time="0.076">
    <system-out><![CDATA[Hibernate: select q1_0.id,q1_0.completed,q1_0.difficulty,q1_0.earned_xp,q1_0.title,q1_0.user_id from quests q1_0
Hibernate: select ws1_0.id,ws1_0.hours,ws1_0.user_id,ws1_0.work_date from work_sessions ws1_0
Hibernate: select p1_0.id,p1_0.current_xp,p1_0.evolution_stage,p1_0.level,p1_0.name,p1_0.total_xp,p1_0.user_id from pokemon p1_0
Hibernate: select u1_0.id,u1_0.password,p1_0.id,p1_0.current_xp,p1_0.evolution_stage,p1_0.level,p1_0.name,p1_0.total_xp,u1_0.profile_picture_url,u1_0.role,u1_0.status,u1_0.username from users u1_0 left join pokemon p1_0 on u1_0.id=p1_0.user_id where u1_0.id=?
Hibernate: select u1_0.id,u1_0.password,u1_0.profile_picture_url,u1_0.role,u1_0.status,u1_0.username from users u1_0
Hibernate: select p1_0.id,p1_0.current_xp,p1_0.evolution_stage,p1_0.level,p1_0.name,p1_0.total_xp,u1_0.id,u1_0.password,u1_0.profile_picture_url,u1_0.role,u1_0.status,u1_0.username from pokemon p1_0 left join users u1_0 on u1_0.id=p1_0.user_id where p1_0.user_id=?
Hibernate: select ws1_0.user_id,ws1_0.id,ws1_0.hours,ws1_0.work_date from work_sessions ws1_0 where ws1_0.user_id=?
Hibernate: delete from pokemon where id=?
Hibernate: delete from users where id=?
]]></system-out>
  </testcase>
  <testcase name="testDashboardFeatures" classname="com.pokework.PokeWorkApplicationTests" time="0.345">
    <system-out><![CDATA[Hibernate: select q1_0.id,q1_0.completed,q1_0.difficulty,q1_0.earned_xp,q1_0.title,q1_0.user_id from quests q1_0
Hibernate: select ws1_0.id,ws1_0.hours,ws1_0.user_id,ws1_0.work_date from work_sessions ws1_0
Hibernate: select p1_0.id,p1_0.current_xp,p1_0.evolution_stage,p1_0.level,p1_0.name,p1_0.total_xp,p1_0.user_id from pokemon p1_0
Hibernate: select u1_0.id,u1_0.password,u1_0.profile_picture_url,u1_0.role,u1_0.status,u1_0.username from users u1_0
Hibernate: select u1_0.id,u1_0.password,u1_0.profile_picture_url,u1_0.role,u1_0.status,u1_0.username from users u1_0 where u1_0.username=?
Hibernate: select count(*) from users u1_0
Hibernate: insert into users (password,profile_picture_url,role,status,username) values (?,?,?,?,?)
Hibernate: select last_insert_rowid()
Hibernate: insert into pokemon (current_xp,evolution_stage,level,name,total_xp,user_id) values (?,?,?,?,?,?)
Hibernate: select last_insert_rowid()
Hibernate: select u1_0.id,u1_0.password,u1_0.profile_picture_url,u1_0.role,u1_0.status,u1_0.username from users u1_0 where u1_0.username=?
Hibernate: select p1_0.id,p1_0.current_xp,p1_0.evolution_stage,p1_0.level,p1_0.name,p1_0.total_xp,u1_0.id,u1_0.password,u1_0.profile_picture_url,u1_0.role,u1_0.status,u1_0.username from pokemon p1_0 left join users u1_0 on u1_0.id=p1_0.user_id where p1_0.user_id=?
2026-01-06T15:16:23.867+03:00  INFO 31944 --- [           main] c.p.controller.DashboardController       : Updating status for user: testuser
Hibernate: select u1_0.id,u1_0.password,u1_0.profile_picture_url,u1_0.role,u1_0.status,u1_0.username from users u1_0 where u1_0.username=?
Hibernate: select p1_0.id,p1_0.current_xp,p1_0.evolution_stage,p1_0.level,p1_0.name,p1_0.total_xp,u1_0.id,u1_0.password,u1_0.profile_picture_url,u1_0.role,u1_0.status,u1_0.username from pokemon p1_0 left join users u1_0 on u1_0.id=p1_0.user_id where p1_0.user_id=?
Hibernate: update users set password=?,profile_picture_url=?,role=?,status=?,username=? where id=?
2026-01-06T15:16:23.881+03:00  INFO 31944 --- [           main] c.p.controller.DashboardController       : Status updated to 'Focusing' for user: testuser
2026-01-06T15:16:23.886+03:00  INFO 31944 --- [           main] c.p.controller.DashboardController       : Updating profile for user: testuser
Hibernate: select u1_0.id,u1_0.password,u1_0.profile_picture_url,u1_0.role,u1_0.status,u1_0.username from users u1_0 where u1_0.username=?
Hibernate: select p1_0.id,p1_0.current_xp,p1_0.evolution_stage,p1_0.level,p1_0.name,p1_0.total_xp,u1_0.id,u1_0.password,u1_0.profile_picture_url,u1_0.role,u1_0.status,u1_0.username from pokemon p1_0 left join users u1_0 on u1_0.id=p1_0.user_id where p1_0.user_id=?
2026-01-06T15:16:23.890+03:00  INFO 31944 --- [           main] c.p.controller.DashboardController       : Username changed to 'testuser' for user: testuser
2026-01-06T15:16:23.890+03:00  INFO 31944 --- [           main] c.p.controller.DashboardController       : Profile picture URL updated for user: testuser
Hibernate: update users set password=?,profile_picture_url=?,role=?,status=?,username=? where id=?
Hibernate: select u1_0.id,u1_0.password,u1_0.profile_picture_url,u1_0.role,u1_0.status,u1_0.username from users u1_0 where u1_0.username=?
]]></system-out>
  </testcase>
</testsuite>